<?xml version="1.0" encoding="UTF-8"?>
<testng-results ignored="0" total="1" passed="1" failed="0" skipped="0">
  <reporter-output>
  </reporter-output>
  <suite started-at="2022-05-22T11:31:44 ART" name="Default suite" finished-at="2022-05-22T11:31:49 ART" duration-ms="5268">
    <groups>
    </groups>
    <test started-at="2022-05-22T11:31:44 ART" name="Default test" finished-at="2022-05-22T11:31:49 ART" duration-ms="5268">
      <class name="Wiki_Test_1">
        <test-method signature="ValidarExistenciaBienvenidos()[pri:0, instance:Wiki_Test_1@7f0eb4b4]" started-at="2022-05-22T11:31:44 ART" name="ValidarExistenciaBienvenidos" description="Validar existencia de palabra &#039;Bienvenidos&#039;" finished-at="2022-05-22T11:31:49 ART" duration-ms="5233" status="PASS">
          <reporter-output>
          </reporter-output>
        </test-method> <!-- ValidarExistenciaBienvenidos -->
      </class> <!-- Wiki_Test_1 -->
    </test> <!-- Default test -->
  </suite> <!-- Default suite -->
</testng-results>
